<?xml version="1.0" encoding="UTF-8"?>
<!-- Generated by org.testng.reporters.JUnitReportReporter -->
<testsuite hostname="Ramsai-PC" name="com.test.selenium.GmailLoginTest" tests="1" failures="0" timestamp="19 Mar 2017 07:07:55 GMT" time="11.770" errors="0">
  <testcase name="logintest" time="11.770" classname="com.test.selenium.GmailLoginTest"/>
</testsuite> <!-- com.test.selenium.GmailLoginTest -->
